  main.cpp
c:\users\joelp\desktop\cg\terrain\terrain\main.cpp(32): warning C4244: 'initializing': conversion from 'GLdouble' to 'GLfloat', possible loss of data
c:\users\joelp\desktop\cg\terrain\terrain\main.cpp(32): warning C4305: 'initializing': truncation from 'double' to 'GLfloat'
c:\users\joelp\desktop\cg\terrain\terrain\main.cpp(60): warning C4244: 'argument': conversion from 'time_t' to 'unsigned int', possible loss of data
c:\users\joelp\desktop\cg\terrain\terrain\main.cpp(117): warning C4244: 'initializing': conversion from 'double' to 'float', possible loss of data
c:\users\joelp\desktop\cg\terrain\terrain\main.cpp(119): warning C4244: '+=': conversion from 'double' to 'float', possible loss of data
c:\users\joelp\desktop\cg\terrain\terrain\main.cpp(145): warning C4305: 'argument': truncation from 'double' to 'GLfloat'
c:\users\joelp\desktop\cg\terrain\terrain\main.cpp(180): warning C4244: 'argument': conversion from 'time_t' to 'unsigned int', possible loss of data
c:\users\joelp\desktop\cg\terrain\terrain\main.cpp(184): warning C4244: '=': conversion from 'int' to 'float', possible loss of data
c:\users\joelp\desktop\cg\terrain\terrain\main.cpp(186): warning C4244: '=': conversion from 'int' to 'float', possible loss of data
c:\users\joelp\desktop\cg\terrain\terrain\main.cpp(188): warning C4244: '=': conversion from 'int' to 'float', possible loss of data
c:\users\joelp\desktop\cg\terrain\terrain\main.cpp(214): warning C4244: '+=': conversion from 'double' to 'GLfloat', possible loss of data
c:\users\joelp\desktop\cg\terrain\terrain\main.cpp(215): warning C4244: '+=': conversion from 'double' to 'GLfloat', possible loss of data
c:\users\joelp\desktop\cg\terrain\terrain\main.cpp(218): warning C4244: '+=': conversion from 'double' to 'GLfloat', possible loss of data
c:\users\joelp\desktop\cg\terrain\terrain\main.cpp(219): warning C4244: '+=': conversion from 'double' to 'GLfloat', possible loss of data
c:\users\joelp\desktop\cg\terrain\terrain\main.cpp(222): warning C4244: '+=': conversion from 'double' to 'GLfloat', possible loss of data
c:\users\joelp\desktop\cg\terrain\terrain\main.cpp(223): warning C4244: '+=': conversion from 'double' to 'GLfloat', possible loss of data
c:\users\joelp\desktop\cg\terrain\terrain\main.cpp(226): warning C4244: '+=': conversion from 'double' to 'GLfloat', possible loss of data
c:\users\joelp\desktop\cg\terrain\terrain\main.cpp(227): warning C4244: '+=': conversion from 'double' to 'GLfloat', possible loss of data
c:\users\joelp\desktop\cg\terrain\terrain\main.cpp(242): warning C4244: 'argument': conversion from 'double' to 'GLfloat', possible loss of data
c:\users\joelp\desktop\cg\terrain\terrain\main.cpp(244): warning C4244: 'argument': conversion from 'double' to 'GLfloat', possible loss of data
c:\users\joelp\desktop\cg\terrain\terrain\main.cpp(254): warning C4244: 'argument': conversion from 'double' to 'GLfloat', possible loss of data
c:\users\joelp\desktop\cg\terrain\terrain\main.cpp(256): warning C4244: 'argument': conversion from 'double' to 'GLfloat', possible loss of data
c:\users\joelp\desktop\cg\terrain\terrain\main.cpp(287): warning C4244: 'argument': conversion from 'double' to 'GLfloat', possible loss of data
c:\users\joelp\desktop\cg\terrain\terrain\main.cpp(301): warning C4244: 'argument': conversion from 'double' to 'GLfloat', possible loss of data
c:\users\joelp\desktop\cg\terrain\terrain\main.cpp(321): warning C4244: 'argument': conversion from 'GLdouble' to 'GLfloat', possible loss of data
c:\users\joelp\desktop\cg\terrain\terrain\main.cpp(390): warning C4305: 'argument': truncation from 'double' to 'GLfloat'
c:\users\joelp\desktop\cg\terrain\terrain\main.cpp(410): warning C4244: 'initializing': conversion from 'double' to 'GLfloat', possible loss of data
c:\users\joelp\desktop\cg\terrain\terrain\main.cpp(414): warning C4305: '-=': truncation from 'double' to 'GLfloat'
c:\users\joelp\desktop\cg\terrain\terrain\main.cpp(416): warning C4244: '=': conversion from 'double' to 'GLfloat', possible loss of data
c:\users\joelp\desktop\cg\terrain\terrain\main.cpp(544): warning C4244: '=': conversion from 'double' to 'GLfloat', possible loss of data
c:\users\joelp\desktop\cg\terrain\terrain\main.cpp(545): warning C4244: '=': conversion from 'double' to 'GLfloat', possible loss of data
c:\users\joelp\desktop\cg\terrain\terrain\main.cpp(546): warning C4244: '=': conversion from 'double' to 'GLfloat', possible loss of data
c:\users\joelp\desktop\cg\terrain\terrain\main.cpp(547): warning C4244: '*=': conversion from 'double' to 'GLfloat', possible loss of data
c:\users\joelp\desktop\cg\terrain\terrain\main.cpp(548): warning C4244: '*=': conversion from 'double' to 'GLfloat', possible loss of data
c:\users\joelp\desktop\cg\terrain\terrain\main.cpp(550): warning C4244: '=': conversion from 'int' to 'GLfloat', possible loss of data
c:\users\joelp\desktop\cg\terrain\terrain\main.cpp(551): warning C4244: '=': conversion from 'int' to 'GLfloat', possible loss of data
c:\users\joelp\desktop\cg\terrain\terrain\main.cpp(586): warning C4244: '=': conversion from 'int' to 'GLfloat', possible loss of data
c:\users\joelp\desktop\cg\terrain\terrain\main.cpp(587): warning C4244: '=': conversion from 'int' to 'GLfloat', possible loss of data
  Terrain.vcxproj -> C:\Users\joelp\Desktop\CG\Terrain\Debug\Terrain.exe
  Terrain.vcxproj -> C:\Users\joelp\Desktop\CG\Terrain\Debug\Terrain.pdb (Partial PDB)
